<?xml version="1.0" encoding="UTF-8"?>
<!-- Generated by org.testng.reporters.JUnitReportReporter -->
<testsuite hostname="DESKTOP-N1OC483" name="runner_cukes.TestRunner" tests="1" failures="0" timestamp="19 Jul 2019 02:53:48 GMT" time="46.887" errors="0">
  <testcase name="run_cukes" time="46.887" classname="runner_cukes.TestRunner"/>
</testsuite> <!-- runner_cukes.TestRunner -->
